<?xml version="1.0" encoding="UTF-8"?>
<!-- Generated by org.testng.reporters.JUnitReportReporter -->
<testsuite hostname="WIN10H-75D3A6G1" failures="0" tests="2" name="Tests.NewTest" time="2.206" errors="0" timestamp="2020-04-28T11:17:31 IST" skipped="0">
  <testcase classname="Tests.NewTest" name="f1" time="1.125"/>
  <system-out/>
  <testcase classname="Tests.NewTest" name="f2" time="1.081"/>
  <system-out/>
</testsuite> <!-- Tests.NewTest -->
