<?xml version="1.0" encoding="UTF-8"?>
<!-- Generated by org.testng.reporters.JUnitReportReporter -->
<testsuite hostname="WIN10H-75D3A6G1" failures="0" tests="1" name="Tests.p1" time="30.069" errors="0" timestamp="2020-04-28T10:54:25 IST" skipped="0">
  <testcase classname="Tests.p1" name="google1" time="30.069"/>
  <system-out/>
</testsuite> <!-- Tests.p1 -->
