<?xml version="1.0" encoding="UTF-8"?>
<!-- Generated by org.testng.reporters.JUnitReportReporter -->
<testsuite hostname="WIN10H-75D3A6G1" failures="0" tests="3" name="Tests.SampleTest" time="9.453" errors="0" timestamp="2020-04-26T13:51:37 IST" skipped="0">
  <testcase classname="Tests.SampleTest" name="loginPageTitleTest" time="0.033"/>
  <system-out/>
  <testcase classname="Tests.SampleTest" name="PageNavigations" time="7.284"/>
  <system-out/>
  <testcase classname="Tests.SampleTest" name="Search" time="2.136"/>
  <system-out/>
</testsuite> <!-- Tests.SampleTest -->
