<?xml version="1.0" encoding="UTF-8"?>
<!-- Generated by org.testng.reporters.JUnitReportReporter -->
<testsuite hostname="WIN10H-75D3A6G1" failures="0" tests="2" name="Tests.TestNGAnnotationsOrder" time="0.010" errors="0" timestamp="2020-04-29T18:40:01 IST" skipped="0">
  <testcase classname="Tests.TestNGAnnotationsOrder" name="testCase2" time="0.002"/>
  <system-out/>
  <testcase classname="Tests.TestNGAnnotationsOrder" name="testCase1" time="0.008"/>
  <system-out/>
</testsuite> <!-- Tests.TestNGAnnotationsOrder -->
