<?xml version="1.0" encoding="UTF-8"?>
<!-- Generated by org.testng.reporters.JUnitReportReporter -->
<testsuite hostname="WIN10H-75D3A6G1" failures="0" tests="2" name="Tests.NewTest2" time="4.202" errors="0" timestamp="2020-04-28T10:19:35 IST" skipped="0">
  <testcase classname="Tests.NewTest2" name="f1" time="1.098"/>
  <system-out/>
  <testcase classname="Tests.NewTest2" name="f2" time="3.104"/>
  <system-out/>
</testsuite> <!-- Tests.NewTest2 -->
