<?xml version="1.0" encoding="UTF-8"?>
<!-- Generated by org.testng.reporters.JUnitReportReporter -->
<testsuite hostname="WIN10H-75D3A6G1" failures="0" tests="3" name="Tests.LoginTest" time="7.515" errors="0" timestamp="2020-04-30T07:26:53 IST" skipped="0">
  <testcase classname="Tests.LoginTest" name="signIn" time="3.133"/>
  <system-out/>
  <testcase classname="Tests.LoginTest" name="loginPageTitleTest" time="3.462"/>
  <system-out/>
  <testcase classname="Tests.LoginTest" name="signInSuccess" time="0.920"/>
  <system-out/>
</testsuite> <!-- Tests.LoginTest -->
