<?xml version="1.0" encoding="UTF-8"?>
<!-- Generated by org.testng.reporters.JUnitReportReporter -->
<testsuite hostname="WIN10H-75D3A6G1" failures="0" tests="4" name="Tests.LogoutTest" time="7.918" errors="0" timestamp="2020-04-29T15:52:14 IST" skipped="0">
  <testcase classname="Tests.LogoutTest" name="signIn" time="4.494"/>
  <system-out/>
  <testcase classname="Tests.LogoutTest" name="loginPageTitleTest" time="1.417"/>
  <system-out/>
  <testcase classname="Tests.LogoutTest" name="signOut" time="1.933"/>
  <system-out/>
  <testcase classname="Tests.LogoutTest" name="signInSuccess" time="0.074"/>
  <system-out/>
</testsuite> <!-- Tests.LogoutTest -->
