<?xml version="1.0" encoding="UTF-8"?>
<!-- Generated by org.testng.reporters.JUnitReportReporter -->
<testsuite hostname="WIN10H-75D3A6G1" failures="0" tests="4" name="Tests.Groups" time="0.015" errors="0" timestamp="2020-04-29T17:38:38 IST" skipped="0">
  <testcase classname="Tests.Groups" name="A" time="0.010"/>
  <system-out/>
  <testcase classname="Tests.Groups" name="AA" time="0.001"/>
  <system-out/>
  <testcase classname="Tests.Groups" name="runFinal" time="0.002"/>
  <system-out/>
  <testcase classname="Tests.Groups" name="runSelenium" time="0.002"/>
  <system-out/>
</testsuite> <!-- Tests.Groups -->
