<?xml version="1.0" encoding="UTF-8"?>
<!-- Generated by org.testng.reporters.JUnitReportReporter -->
<testsuite hostname="WIN10H-75D3A6G1" failures="0" tests="2" name="Tests.LoginTest" time="6.353" errors="0" timestamp="2020-04-29T18:43:38 IST" skipped="0">
  <testcase classname="Tests.LoginTest" name="signIn" time="5.147"/>
  <system-out/>
  <testcase classname="Tests.LoginTest" name="loginPageTitleTest" time="1.206"/>
  <system-out/>
</testsuite> <!-- Tests.LoginTest -->
