<?xml version="1.0" encoding="UTF-8"?>
<!-- Generated by org.testng.reporters.JUnitReportReporter -->
<testsuite hostname="WIN10H-75D3A6G1" failures="0" tests="3" name="Tests.LogoutTest" time="8.612" errors="0" timestamp="2020-04-29T18:43:38 IST" skipped="0">
  <testcase classname="Tests.LogoutTest" name="signIn" time="4.883"/>
  <system-out/>
  <testcase classname="Tests.LogoutTest" name="loginPageTitleTest" time="1.070"/>
  <system-out/>
  <testcase classname="Tests.LogoutTest" name="signOut" time="2.659"/>
  <system-out/>
</testsuite> <!-- Tests.LogoutTest -->
