<?xml version="1.0" encoding="UTF-8"?>
<!-- Generated by org.testng.reporters.JUnitReportReporter -->
<testsuite hostname="WIN10H-75D3A6G1" failures="0" tests="2" name="Parallel.ParallelTest1" time="4.386" errors="0" timestamp="2020-04-29T18:43:38 IST" skipped="0">
  <testcase classname="Parallel.ParallelTest1" name="test1" time="1.250"/>
  <system-out/>
  <testcase classname="Parallel.ParallelTest1" name="test2" time="3.136"/>
  <system-out/>
</testsuite> <!-- Parallel.ParallelTest1 -->
